
mtx-context     | warning: no (local) file './*.tex', proceeding
mtx-context     | run 1: luatex --fmt="/var/lib/texmf/luatex-cache/context/b47c3d3cee7cb6c86268d0595268c442/formats/luatex/cont-en" --jobname="*" --lua="/var/lib/texmf/luatex-cache/context/b47c3d3cee7cb6c86268d0595268c442/formats/luatex/cont-en.lui" --no-parse-first-line --c:currentrun=1 --c:fulljobname="./*.tex" --c:input="./*.tex" --c:kindofrun=1 --c:maxnofruns=9 "cont-yes.mkiv"
This is LuaTeX, Version 1.0.4 (TeX Live 2017/Debian) 
 system commands enabled.
open source     > level 1, order 1, name '/usr/share/texmf/tex/context/base/mkiv/cont-yes.mkiv'
system          > 
system          > ConTeXt  ver: 2017.05.15 21:48 MKIV beta  fmt: 2019.5.4  int: english/english
system          > 
system          > 'cont-new.mkiv' loaded
open source     > level 2, order 2, name '/usr/share/texmf/tex/context/base/mkiv/cont-new.mkiv'
close source    > level 2, order 2, name '/usr/share/texmf/tex/context/base/mkiv/cont-new.mkiv'
system          > files > jobname '*', input './*', result '*'
fonts           > latin modern fonts are not preloaded
languages       > language 'en' is active

tex error       > tex error on line 8 in file /usr/share/texmf/tex/context/base/mkiv/cont-yes.mkiv: ! I can't find file `./*.tex'.

l.8 }
   
\clf_processjob ...uafunction \16>>clf_processjob 
                                                  
l.97 \getvalue{clf_processjob}
                             % from cont-run.lua

 1     %D \module
 2     %D   [       file=cont-yes,
 3     %D        version=2012.06.01,
 4     %D          title=\CONTEXT\ Miscellaneous Macros,
 5     %D       subtitle=Startup Stub,
 6     %D         author=Hans Hagen,
 7     %D           date=\currentdate,
 8 >>  %D      copyright={PRAGMA ADE \& \CONTEXT\ Development Team}]
 9     %C
10     %C This module is part of the \CONTEXT\ macro||package and is
11     %C therefore copyrighted by \PRAGMA. See mreadme.pdf for
12     %C details.
13     
14     % At some point I will reconsider the \starttext .. \stoptext
15     % wraping as we can assume proper styling. It's a left-over from
16     % mkii that we need to get rid of.
17     
18     % now moved to cont-run.lua

Please type another input file name: 